Created collection discourse_posts.
Generated embeddings for batch 1.
Generated embeddings for batch 2.
Generated embeddings for batch 3.
Generated embeddings for batch 4.
Generated embeddings for batch 5.
Generated embeddings for batch 6.
Generated embeddings for batch 7.
Generated embeddings for batch 8.
Generated embeddings for batch 9.
Generated embeddings for batch 10.
Generated embeddings for batch 11.
Generated embeddings for batch 12.
Generated embeddings for batch 13.
Generated embeddings for batch 14.
Generated embeddings for batch 15.
Generated embeddings for batch 16.
Generated embeddings for batch 17.
Generated embeddings for batch 18.
Generated embeddings for batch 19.
Generated embeddings for batch 20.
Generated embeddings for batch 21.
Generated embeddings for batch 22.
Generated embeddings for batch 23.
Generated embeddings for batch 24.
Batch indexed 5 documents in discourse_posts.
Batch indexing error in discourse_posts: Expecting property name enclosed in double quotes: line 1 column 2 (char 1)
Batch indexed 5 documents in discourse_posts.
Batch indexing error in discourse_posts: Expecting property name enclosed in double quotes: line 1 column 2 (char 1)
Batch indexed 5 documents in discourse_posts.
Batch indexing error in discourse_posts: Expecting property name enclosed in double quotes: line 1 column 2 (char 1)
Batch indexed 5 documents in discourse_posts.
Batch indexing error in discourse_posts: Expecting property name enclosed in double quotes: line 1 column 2 (char 1)
Batch indexed 5 documents in discourse_posts.
Batch indexing error in discourse_posts: Expecting property name enclosed in double quotes: line 1 column 2 (char 1)
Batch indexed 5 documents in discourse_posts.
Batch indexing error in discourse_posts: Expecting property name enclosed in double quotes: line 1 column 2 (char 1)
Batch indexed 5 documents in discourse_posts.
Batch indexing error in discourse_posts: Expecting property name enclosed in double quotes: line 1 column 2 (char 1)
Batch indexed 5 documents in discourse_posts.
Batch indexing error in discourse_posts: Expecting property name enclosed in double quotes: line 1 column 2 (char 1)
Batch indexed 5 documents in discourse_posts.
Batch indexing error in discourse_posts: Expecting property name enclosed in double quotes: line 1 column 2 (char 1)
Batch indexed 5 documents in discourse_posts.
Batch indexing error in discourse_posts: Expecting property name enclosed in double quotes: line 1 column 2 (char 1)
Batch indexed 5 documents in discourse_posts.
Batch indexing error in discourse_posts: Expecting property name enclosed in double quotes: line 1 column 2 (char 1)
Batch indexed 5 documents in discourse_posts.
Batch indexing error in discourse_posts: Expecting property name enclosed in double quotes: line 1 column 2 (char 1)
Batch indexed 5 documents in discourse_posts.
Batch indexing error in discourse_posts: Expecting property name enclosed in double quotes: line 1 column 2 (char 1)
Batch indexed 5 documents in discourse_posts.
Batch indexing error in discourse_posts: Expecting property name enclosed in double quotes: line 1 column 2 (char 1)
Batch indexed 5 documents in discourse_posts.
Batch indexing error in discourse_posts: Expecting property name enclosed in double quotes: line 1 column 2 (char 1)
Batch indexed 5 documents in discourse_posts.
Batch indexing error in discourse_posts: Expecting property name enclosed in double quotes: line 1 column 2 (char 1)
Batch indexed 5 documents in discourse_posts.
Batch indexing error in discourse_posts: Expecting property name enclosed in double quotes: line 1 column 2 (char 1)
Batch indexed 5 documents in discourse_posts.
Batch indexing error in discourse_posts: Expecting property name enclosed in double quotes: line 1 column 2 (char 1)
Batch indexed 5 documents in discourse_posts.
Batch indexing error in discourse_posts: Expecting property name enclosed in double quotes: line 1 column 2 (char 1)
Batch indexed 5 documents in discourse_posts.
Batch indexing error in discourse_posts: Expecting property name enclosed in double quotes: line 1 column 2 (char 1)
Batch indexed 5 documents in discourse_posts.
Batch indexing error in discourse_posts: Expecting property name enclosed in double quotes: line 1 column 2 (char 1)
Batch indexed 5 documents in discourse_posts.
Batch indexing error in discourse_posts: Expecting property name enclosed in double quotes: line 1 column 2 (char 1)
Batch indexed 5 documents in discourse_posts.
Batch indexing error in discourse_posts: Expecting property name enclosed in double quotes: line 1 column 2 (char 1)
Batch indexed 5 documents in discourse_posts.
Batch indexing error in discourse_posts: Expecting property name enclosed in double quotes: line 1 column 2 (char 1)
Indexed 120 posts in discourse_posts.
Created collection development_tools.
No chunks.json found in development_tools
Created collection deployment_tools.
No chunks.json found in deployment_tools
Created collection large_language_models.
No chunks.json found in large_language_models
Created collection data_sourcing.
No chunks.json found in data_sourcing
Created collection data_preparation.
No chunks.json found in data_preparation
Created collection data_analysis.
No chunks.json found in data_analysis
Created collection data_visualization.
No chunks.json found in data_visualization
Created collection project-1.
No chunks.json found in project-1
Created collection project-2.
No chunks.json found in project-2
Created collection misc.
No chunks.json found in misc
